<?xml version="1.0" encoding="UTF-8" ?>
<testsuite tests="12" failures="0" name="TestSuite" time="7.351" errors="0" skipped="0">
  <properties>
    <property name="idea.version" value="2022.1.4"/>
    <property name="java.runtime.name" value="OpenJDK Runtime Environment"/>
    <property name="java.vm.version" value="18.0.2+9-61"/>
    <property name="sun.boot.library.path" value="C:\Users\Vinanti Laptop\.jdks\openjdk-18.0.2\bin"/>
    <property name="maven.multiModuleProjectDirectory" value="C:\Users\Vinanti Laptop\Desktop\TutorialController\TutorialController"/>
    <property name="java.vm.vendor" value="Oracle Corporation"/>
    <property name="java.vendor.url" value="https://java.oracle.com/"/>
    <property name="guice.disable.misplaced.annotation.check" value="true"/>
    <property name="path.separator" value=";"/>
    <property name="java.vm.name" value="OpenJDK 64-Bit Server VM"/>
    <property name="sun.os.patch.level" value=""/>
    <property name="user.script" value=""/>
    <property name="user.country" value="IN"/>
    <property name="sun.java.launcher" value="SUN_STANDARD"/>
    <property name="java.vm.specification.name" value="Java Virtual Machine Specification"/>
    <property name="user.dir" value="C:\Users\Vinanti Laptop\Desktop\TutorialController\TutorialController"/>
    <property name="java.vm.compressedOopsMode" value="32-bit"/>
    <property name="java.runtime.version" value="18.0.2+9-61"/>
    <property name="os.arch" value="amd64"/>
    <property name="java.io.tmpdir" value="C:\Users\VINANT~1\AppData\Local\Temp\"/>
    <property name="line.separator" value="
"/>
    <property name="java.vm.specification.vendor" value="Oracle Corporation"/>
    <property name="user.variant" value=""/>
    <property name="os.name" value="Windows 10"/>
    <property name="maven.ext.class.path" value="C:\Program Files\JetBrains\IntelliJ IDEA Community Edition 2022.1.4\plugins\maven\lib\maven-event-listener.jar"/>
    <property name="classworlds.conf" value="C:\Program Files\JetBrains\IntelliJ IDEA Community Edition 2022.1.4\plugins\maven\lib\maven3\bin\m2.conf"/>
    <property name="sun.jnu.encoding" value="Cp1252"/>
    <property name="java.library.path" value="C:\Users\Vinanti Laptop\.jdks\openjdk-18.0.2\bin;C:\Windows\Sun\Java\bin;C:\Windows\system32;C:\Windows;C:\Python310\Scripts\;C:\Python310\;C:\Program Files\Common Files\Oracle\Java\javapath;C:\Users\Vinanti Laptop\AppData\Local\Programs\Python\Python37-32\Scripts\;C:\Users\Vinanti Laptop\AppData\Local\Programs\Python\Python37-32\;E:\oracle\dbhomeXE\bin;C:\python3.7\Scripts\;C:\python3.7\;C:\Windows\system32;C:\Windows;C:\Windows\System32\Wbem;C:\Windows\System32\WindowsPowerShell\v1.0\;C:\Windows\System32\OpenSSH\;C:\Program Files\Git\cmd;C:\msys64\mingw64\x86_64-w64-mingw32\bin;C:\TDM-GCC-64\bin;C:\msys64\mingw64\bin;C:\Program Files\dotnet\;C:\Program Files\Java\jdk-18.0.1.1;C:\Program Files\nodejs\;C:\ProgramData\chocolatey\bin;C:\Program Files\Java\jdk-18.0.1.1\bin;C:\Program Files\apache-maven-3.8.6-bin\apache-maven-3.8.6\bin;C:\Users\Vinanti Laptop\AppData\Local\Microsoft\WindowsApps;C:\msys64\mingw64;C:\msys64\mingw64\bin;C:\msys64\mingw64\x86_64-w64-mingw32\bin;C:\Users\Vinanti Laptop\AppData\Local\Programs\Microsoft VS Code\bin;C:\Program Files\JetBrains\IntelliJ IDEA Community Edition 2022.1.4\bin;;C:\Users\Vinanti Laptop\AppData\Roaming\npm;."/>
    <property name="maven.conf" value="C:\Program Files\JetBrains\IntelliJ IDEA Community Edition 2022.1.4\plugins\maven\lib\maven3/conf"/>
    <property name="jdk.debug" value="release"/>
    <property name="java.class.version" value="62.0"/>
    <property name="java.specification.name" value="Java Platform API Specification"/>
    <property name="sun.management.compiler" value="HotSpot 64-Bit Tiered Compilers"/>
    <property name="os.version" value="10.0"/>
    <property name="user.home" value="C:\Users\Vinanti Laptop"/>
    <property name="user.timezone" value="Asia/Calcutta"/>
    <property name="file.encoding" value="UTF-8"/>
    <property name="java.specification.version" value="18"/>
    <property name="user.name" value="Vinanti Laptop"/>
    <property name="java.class.path" value="C:\Program Files\JetBrains\IntelliJ IDEA Community Edition 2022.1.4\plugins\maven\lib\maven3\boot\plexus-classworlds-2.6.0.jar;C:\Program Files\JetBrains\IntelliJ IDEA Community Edition 2022.1.4\plugins\maven\lib\maven3\boot\plexus-classworlds.license"/>
    <property name="java.vm.specification.version" value="18"/>
    <property name="sun.arch.data.model" value="64"/>
    <property name="sun.java.command" value="org.codehaus.classworlds.Launcher -Didea.version=2022.1.4 test"/>
    <property name="java.home" value="C:\Users\Vinanti Laptop\.jdks\openjdk-18.0.2"/>
    <property name="user.language" value="en"/>
    <property name="java.specification.vendor" value="Oracle Corporation"/>
    <property name="java.vm.info" value="mixed mode, sharing"/>
    <property name="java.version" value="18.0.2"/>
    <property name="native.encoding" value="Cp1252"/>
    <property name="java.vendor" value="Oracle Corporation"/>
    <property name="maven.home" value="C:\Program Files\JetBrains\IntelliJ IDEA Community Edition 2022.1.4\plugins\maven\lib\maven3"/>
    <property name="file.separator" value="\"/>
    <property name="java.version.date" value="2022-07-19"/>
    <property name="java.vendor.url.bug" value="https://bugreport.java.com/bugreport/"/>
    <property name="sun.io.unicode.encoding" value="UnicodeLittle"/>
    <property name="sun.cpu.endian" value="little"/>
    <property name="sun.cpu.isalist" value="amd64"/>
  </properties>
  <testcase classname="Runner.TestRunner" name="runScenario" time="3.227"/>
  <testcase classname="Runner.TestRunner" name="runScenario" time="0.144"/>
  <testcase classname="Runner.TestRunner" name="runScenario" time="0.145"/>
  <testcase classname="Runner.TestRunner" name="runScenario" time="1.841"/>
  <testcase classname="Runner.TestRunner" name="runScenario" time="0.148"/>
  <testcase classname="Runner.TestRunner" name="runScenario" time="0.123"/>
  <testcase classname="Runner.TestRunner" name="runScenario" time="0.126"/>
  <testcase classname="Runner.TestRunner" name="runScenario" time="0.221"/>
  <testcase classname="Runner.TestRunner" name="runScenario" time="0.134"/>
  <testcase classname="Runner.TestRunner" name="runScenario" time="0.329"/>
  <testcase classname="Runner.TestRunner" name="runScenario" time="0.213"/>
  <testcase classname="Runner.TestRunner" name="runScenario" time="0.7"/>
</testsuite>