<?xml version="1.0" encoding="UTF-8"?>
<!-- Generated by org.testng.reporters.JUnitReportReporter -->
<testsuite hostname="DESKTOP-F405SRV" failures="0" tests="12" name="Runner.TestRunner" time="7.322" errors="0" timestamp="2022-08-16T12:18:34 IST" skipped="0">
  <testcase classname="Runner.TestRunner" name="runScenario" time="0.145"/>
  <system-out/>
  <testcase classname="Runner.TestRunner" name="runScenario" time="0.146"/>
  <system-out/>
  <testcase classname="Runner.TestRunner" name="runScenario" time="0.123"/>
  <system-out/>
  <testcase classname="Runner.TestRunner" name="runScenario" time="0.122"/>
  <system-out/>
  <testcase classname="Runner.TestRunner" name="runScenario" time="0.137"/>
  <system-out/>
  <testcase classname="Runner.TestRunner" name="runScenario" time="1.841"/>
  <system-out/>
  <testcase classname="Runner.TestRunner" name="runScenario" time="0.213"/>
  <system-out/>
  <testcase classname="Runner.TestRunner" name="runScenario" time="0.222"/>
  <system-out/>
  <testcase classname="Runner.TestRunner" name="runScenario" time="3.215"/>
  <system-out/>
  <testcase classname="Runner.TestRunner" name="runScenario" time="0.329"/>
  <system-out/>
  <testcase classname="Runner.TestRunner" name="runScenario" time="0.680"/>
  <system-out/>
  <testcase classname="Runner.TestRunner" name="runScenario" time="0.149"/>
  <system-out/>
</testsuite> <!-- Runner.TestRunner -->
